[ERROR] 2018-10-18 10:47:26.703 [main] OrthogonalGraph-404 - load graph file failed.
[DEBUG] 2018-10-18 10:47:26.730 [main] Sequential-49 - edgeNum = 1; connect pattern size =  0
[DEBUG] 2018-10-18 10:47:26.740 [main] GetPattern_Disconnect-95 - finish generate diconnect patterns! The size = 0
[DEBUG] 2018-10-18 10:47:26.740 [main] Sequential-83 -  connect gfds number = 0
[DEBUG] 2018-10-18 10:47:26.741 [main] Sequential-93 -  disconnect gfds number = 0
[INFO ] 2018-10-18 10:47:26.741 [main] Sequential-113 - the total time  = 0.073
[ERROR] 2018-10-18 10:48:40.499 [main] OrthogonalGraph-404 - load graph file failed.
[DEBUG] 2018-10-18 10:48:40.520 [main] Sequential-49 - edgeNum = 1; connect pattern size =  0
[DEBUG] 2018-10-18 10:48:40.528 [main] GetPattern_Disconnect-95 - finish generate diconnect patterns! The size = 0
[DEBUG] 2018-10-18 10:48:40.528 [main] Sequential-83 -  connect gfds number = 0
[DEBUG] 2018-10-18 10:48:40.528 [main] Sequential-93 -  disconnect gfds number = 0
[INFO ] 2018-10-18 10:48:40.529 [main] Sequential-113 - the total time  = 0.061
[ERROR] 2018-10-18 10:49:29.660 [main] OrthogonalGraph-404 - load graph file failed.
[DEBUG] 2018-10-18 10:49:29.674 [main] Sequential-49 - edgeNum = 1; connect pattern size =  0
[DEBUG] 2018-10-18 10:49:29.679 [main] GetPattern_Disconnect-95 - finish generate diconnect patterns! The size = 0
[DEBUG] 2018-10-18 10:49:29.679 [main] Sequential-83 -  connect gfds number = 0
[DEBUG] 2018-10-18 10:49:29.679 [main] Sequential-93 -  disconnect gfds number = 0
[INFO ] 2018-10-18 10:49:29.680 [main] Sequential-113 - the total time  = 0.045
[ERROR] 2018-10-18 10:49:53.403 [main] OrthogonalGraph-404 - load graph file failed.
[DEBUG] 2018-10-18 10:49:53.416 [main] Sequential-49 - edgeNum = 1; connect pattern size =  0
[DEBUG] 2018-10-18 10:49:53.421 [main] GetPattern_Disconnect-95 - finish generate diconnect patterns! The size = 0
[DEBUG] 2018-10-18 10:49:53.422 [main] Sequential-83 -  connect gfds number = 0
[DEBUG] 2018-10-18 10:49:53.422 [main] Sequential-93 -  disconnect gfds number = 0
[INFO ] 2018-10-18 10:49:53.423 [main] Sequential-113 - the total time  = 0.04
[ERROR] 2018-10-18 10:54:13.041 [main] OrthogonalGraph-404 - load graph file failed.
[DEBUG] 2018-10-18 10:54:13.068 [main] Sequential-49 - edgeNum = 1; connect pattern size =  0
[DEBUG] 2018-10-18 10:54:13.077 [main] GetPattern_Disconnect-95 - finish generate diconnect patterns! The size = 0
[DEBUG] 2018-10-18 10:54:13.077 [main] Sequential-83 -  connect gfds number = 0
[DEBUG] 2018-10-18 10:54:13.077 [main] Sequential-93 -  disconnect gfds number = 0
[INFO ] 2018-10-18 10:54:13.078 [main] Sequential-113 - the total time  = 0.068
[ERROR] 2018-10-18 10:54:38.036 [main] OrthogonalGraph-404 - load graph file failed.
[DEBUG] 2018-10-18 10:54:38.048 [main] Sequential-49 - edgeNum = 1; connect pattern size =  0
[DEBUG] 2018-10-18 10:54:38.053 [main] GetPattern_Disconnect-95 - finish generate diconnect patterns! The size = 0
[DEBUG] 2018-10-18 10:54:38.053 [main] Sequential-83 -  connect gfds number = 0
[DEBUG] 2018-10-18 10:54:38.053 [main] Sequential-93 -  disconnect gfds number = 0
[INFO ] 2018-10-18 10:54:38.054 [main] Sequential-113 - the total time  = 0.042
[INFO ] 2018-10-18 10:58:47.036 [main] OrthogonalGraph-370 - graph nodes loaded. with size = 100,using = 13
[INFO ] 2018-10-18 10:58:47.045 [main] OrthogonalGraph-398 - graph edge loaded. with size = 90,using = 7
[INFO ] 2018-10-18 10:58:47.046 [main] OrthogonalGraph-400 - graph loaded.
[DEBUG] 2018-10-18 10:58:47.080 [main] Sequential-49 - edgeNum = 1; connect pattern size =  0
[DEBUG] 2018-10-18 10:58:47.088 [main] GetPattern_Disconnect-95 - finish generate diconnect patterns! The size = 0
[DEBUG] 2018-10-18 10:58:47.089 [main] Sequential-83 -  connect gfds number = 0
[DEBUG] 2018-10-18 10:58:47.089 [main] Sequential-93 -  disconnect gfds number = 0
[INFO ] 2018-10-18 10:58:47.090 [main] Sequential-113 - the total time  = 0.09
[INFO ] 2018-10-18 11:00:24.227 [main] OrthogonalGraph-370 - graph nodes loaded. with size = 100,using = 11
[INFO ] 2018-10-18 11:00:24.232 [main] OrthogonalGraph-398 - graph edge loaded. with size = 90,using = 3
[INFO ] 2018-10-18 11:00:24.233 [main] OrthogonalGraph-400 - graph loaded.
[DEBUG] 2018-10-18 11:00:24.250 [main] Sequential-49 - edgeNum = 1; connect pattern size =  0
[DEBUG] 2018-10-18 11:00:24.255 [main] GetPattern_Disconnect-95 - finish generate diconnect patterns! The size = 0
[DEBUG] 2018-10-18 11:00:24.256 [main] Sequential-83 -  connect gfds number = 0
[DEBUG] 2018-10-18 11:00:24.256 [main] Sequential-93 -  disconnect gfds number = 0
[INFO ] 2018-10-18 11:00:24.257 [main] Sequential-113 - the total time  = 0.052
[INFO ] 2018-10-18 11:00:34.436 [main] OrthogonalGraph-370 - graph nodes loaded. with size = 100,using = 11
[INFO ] 2018-10-18 11:00:34.442 [main] OrthogonalGraph-398 - graph edge loaded. with size = 90,using = 4
[INFO ] 2018-10-18 11:00:34.443 [main] OrthogonalGraph-400 - graph loaded.
[DEBUG] 2018-10-18 11:00:34.461 [main] Sequential-49 - edgeNum = 1; connect pattern size =  0
[DEBUG] 2018-10-18 11:00:34.466 [main] GetPattern_Disconnect-95 - finish generate diconnect patterns! The size = 0
[DEBUG] 2018-10-18 11:00:34.466 [main] Sequential-83 -  connect gfds number = 0
[DEBUG] 2018-10-18 11:00:34.467 [main] Sequential-93 -  disconnect gfds number = 0
[INFO ] 2018-10-18 11:00:34.467 [main] Sequential-113 - the total time  = 0.053
[INFO ] 2018-10-18 11:00:55.249 [main] OrthogonalGraph-370 - graph nodes loaded. with size = 100,using = 11
[INFO ] 2018-10-18 11:00:55.255 [main] OrthogonalGraph-398 - graph edge loaded. with size = 90,using = 5
[INFO ] 2018-10-18 11:00:55.256 [main] OrthogonalGraph-400 - graph loaded.
[DEBUG] 2018-10-18 11:00:55.271 [main] Sequential-49 - edgeNum = 1; connect pattern size =  0
[DEBUG] 2018-10-18 11:00:55.278 [main] GetPattern_Disconnect-95 - finish generate diconnect patterns! The size = 0
[DEBUG] 2018-10-18 11:00:55.279 [main] Sequential-83 -  connect gfds number = 0
[DEBUG] 2018-10-18 11:00:55.280 [main] Sequential-93 -  disconnect gfds number = 0
[INFO ] 2018-10-18 11:00:55.282 [main] Sequential-113 - the total time  = 0.055
[INFO ] 2018-10-18 11:01:08.905 [main] OrthogonalGraph-370 - graph nodes loaded. with size = 100,using = 12
[INFO ] 2018-10-18 11:01:08.909 [main] OrthogonalGraph-398 - graph edge loaded. with size = 90,using = 3
[INFO ] 2018-10-18 11:01:08.910 [main] OrthogonalGraph-400 - graph loaded.
[DEBUG] 2018-10-18 11:01:08.945 [main] Sequential-49 - edgeNum = 1; connect pattern size =  49
[DEBUG] 2018-10-18 11:01:09.021 [main] GetPattern_Disconnect-95 - finish generate diconnect patterns! The size = 1225
